  Using bundled DotNet SDK
  Log file: C:\Users\Bordunos\AppData\Local\UnrealBuildTool\Log.txt
  Using 'git status' to determine working set for adaptive non-unity build (E:\UnrealProjects\OfficeTank).
  Invalidating makefile for TankEditor (working set of source files changed)
  Parsing headers for TankEditor
    Running UnrealHeaderTool "E:\UnrealProjects\OfficeTank\OfficeTank\OfficeTank.uproject" "E:\UnrealProjects\OfficeTank\OfficeTank\Intermediate\Build\Win64\TankEditor\Development\TankEditor.uhtmanifest" -LogCmds="loginit warning, logexit warning, logdatabase error" -Unattended -WarningsAsErrors -abslog="C:\Users\Bordunos\AppData\Local\UnrealBuildTool\Log_UHT.txt" -installed
  Reflection code generated for TankEditor in 0,7518531 seconds
  Building TankEditor...
  Using Visual Studio 2019 14.29.30146 toolchain (C:\Program Files (x86)\Microsoft Visual Studio\2019\Community\VC\Tools\MSVC\14.29.30133) and Windows 10.0.22000.0 SDK (C:\Program Files (x86)\Windows Kits\10).
  [Adaptive Build] Excluded from Tank unity file: DeathWidget.cpp, MyHUD.cpp
  Determining max actions to execute in parallel (16 physical cores, 24 logical cores)
    Executing up to 16 processes, one per physical core
  Building 6 actions with 6 processes...
  [1/6] Compile Tank.init.gen.cpp
  [2/6] Compile MyHUD.gen.cpp
  [3/6] Compile MyHUD.cpp
  [4/6] Link UnrealEditor-Tank.lib
     Создается библиотека E:\UnrealProjects\OfficeTank\OfficeTank\Intermediate\Build\Win64\UnrealEditor\Development\Tank\UnrealEditor-Tank.lib и объект E:\UnrealProjects\OfficeTank\OfficeTank\Intermediate\Build\Win64\UnrealEditor\Development\Tank\UnrealEditor-Tank.exp
  [5/6] Link UnrealEditor-Tank.dll
     Создается библиотека E:\UnrealProjects\OfficeTank\OfficeTank\Intermediate\Build\Win64\UnrealEditor\Development\Tank\UnrealEditor-Tank.suppressed.lib и объект E:\UnrealProjects\OfficeTank\OfficeTank\Intermediate\Build\Win64\UnrealEditor\Development\Tank\UnrealEditor-Tank.suppressed.exp
  [6/6] WriteMetadata TankEditor.target
  Total time in Parallel executor: 7,33 seconds
  Total execution time: 9,19 seconds
